<?xml version="1.0" encoding="UTF-8"?>
<con:testCase discardOkResults="false" failOnError="false" failTestCaseOnErrors="true" id="e76419fc-ff5e-45f0-a7f1-1fd187ebe69a" keepSession="false" name="Test Case 1" searchProperties="true" timeout="0" wsrmAckTo="" wsrmEnabled="false" wsrmVersion="1.0" zephyrTestId="" zephyrTestName="" xmlns:con="http://eviware.com/soapui/config">
  <con:settings>
    <con:setting id="e76419fc-ff5e-45f0-a7f1-1fd187ebe69afileName">Test-Case-1</con:setting>
  </con:settings>
  <con:savedRecentRuns>1</con:savedRecentRuns>
  <con:testStep type="VirtRunnerTestStep" name="Virtual Service Runner" id="018a2918-d77e-42ef-88e0-81b849e352c5">
    <con:settings/>
    <con:config>
      <url>localhost</url>
      <server>ADO Virt Service</server>
      <action>run</action>
    </con:config>
  </con:testStep>
  <con:testStep id="8bbac617-ea9c-46ae-895c-6309a209f5a7" name="REST Request 1" type="restrequest">
    <con:settings/>
    <con:config xsi:type="con:RestRequestStep" methodName="addaccounts" resourcePath="/MConneely/Banking-API/2.0.0/accounts" service="Simple Banking API V2" xmlns:xsi="http://www.w3.org/2001/XMLSchema-instance">
      <con:restRequest id="773a2ded-8a18-4244-8bda-916f86cfaede" mediaType="application/json" name="REST Request 1" postQueryString="false">
        <con:settings>
          <con:setting id="com.eviware.soapui.impl.wsdl.WsdlRequest@request-headers">&lt;xml-fragment/></con:setting>
        </con:settings>
        <con:endpoint>https://virtserver.swaggerhub.com</con:endpoint>
        <con:request>{\r
   "id" : "d290f1ee-6c54-4b01-90e6-d701748f0851",\r
   "name" : "Joe Blogg",\r
   "createdDate" : "2016-08-29T09:12:33.001Z",\r
   "accountType" : {\r
      "name" : "Personal",\r
      "homePage" : "https://www.personal-banking.com",\r
      "phone" : "408-867-5309"\r
   }\r
}</con:request>
        <con:originalUri>https://virtserver.swaggerhub.com/MConneely/Banking-API/2.0.0/accounts</con:originalUri>
        <con:assertion id="011f605c-1842-43ba-869b-df2c76bed889" name="Valid HTTP Status Codes" type="Valid HTTP Status Codes">
          <con:settings/>
          <con:configuration>
            <codes>200</codes>
          </con:configuration>
        </con:assertion>
        <con:credentials>
          <con:selectedAuthProfile>No Authorization</con:selectedAuthProfile>
          <con:authType>No Authorization</con:authType>
        </con:credentials>
        <con:jmsConfig JMSDeliveryMode="PERSISTENT"/>
        <con:parameters/>
        <con:environmentSpec>
          <con:entry environmentId="1649efa3-0775-4f9d-b08c-a77d5f14e13a">
            <con:authProfile>Inherit From Parent</con:authProfile>
          </con:entry>
          <con:entry environmentId="f23c3f8e-5ce0-4db9-8010-f24226d62368">
            <con:authProfile>Inherit From Parent</con:authProfile>
          </con:entry>
          <con:entry environmentId="c2321ade-990a-483c-8ab3-0dacddfe3840">
            <con:authProfile>Inherit From Parent</con:authProfile>
          </con:entry>
        </con:environmentSpec>
      </con:restRequest>
    </con:config>
  </con:testStep>
  <con:testStep id="a0d533c1-7202-4918-b8f8-245b976aca3a" name="REST Request 2" type="restrequest">
    <con:settings/>
    <con:config xsi:type="con:RestRequestStep" methodName="searchaccounts" resourcePath="/MConneely/Banking-API/2.0.0/accounts" service="Simple Banking API V2" xmlns:xsi="http://www.w3.org/2001/XMLSchema-instance">
      <con:restRequest id="91254b30-b2c7-42f5-95e5-4f2009284cf2" mediaType="application/json" name="REST Request 2">
        <con:settings>
          <con:setting id="com.eviware.soapui.impl.wsdl.WsdlRequest@request-headers">&lt;xml-fragment/></con:setting>
        </con:settings>
        <con:endpoint>https://virtserver.swaggerhub.com</con:endpoint>
        <con:request/>
        <con:originalUri>https://virtserver.swaggerhub.com/MConneely/Banking-API/2.0.0/accounts</con:originalUri>
        <con:assertion id="5d124174-aab7-494a-99b2-1aa50691cb14" name="Valid HTTP Status Codes" type="Valid HTTP Status Codes">
          <con:settings/>
          <con:configuration>
            <codes>200</codes>
          </con:configuration>
        </con:assertion>
        <con:assertion id="60750419-2be4-4032-b1be-886696afc17e" name="Response SLA" type="Response SLA Assertion">
          <con:configuration>
            <SLA>200</SLA>
          </con:configuration>
        </con:assertion>
        <con:credentials>
          <con:selectedAuthProfile>No Authorization</con:selectedAuthProfile>
          <con:authType>No Authorization</con:authType>
        </con:credentials>
        <con:jmsConfig JMSDeliveryMode="PERSISTENT"/>
        <con:parameters/>
        <con:environmentSpec>
          <con:entry environmentId="1649efa3-0775-4f9d-b08c-a77d5f14e13a">
            <con:authProfile>Inherit From Parent</con:authProfile>
          </con:entry>
          <con:entry environmentId="f23c3f8e-5ce0-4db9-8010-f24226d62368">
            <con:authProfile>Inherit From Parent</con:authProfile>
          </con:entry>
          <con:entry environmentId="c2321ade-990a-483c-8ab3-0dacddfe3840">
            <con:authProfile>Inherit From Parent</con:authProfile>
          </con:entry>
        </con:environmentSpec>
      </con:restRequest>
    </con:config>
  </con:testStep>
  <con:testStep type="VirtRunnerTestStep" name="Virtual Service Runner 2" id="ad322906-fd32-4798-811f-5dfa281326a8">
    <con:settings/>
    <con:config>
      <url>localhost</url>
      <server>ADO Virt Service</server>
      <action>stop</action>
    </con:config>
  </con:testStep>
  <con:properties/>
  <con:reportParameters/>
  <con:environmentSpec>
    <con:entry environmentId="1649efa3-0775-4f9d-b08c-a77d5f14e13a">
      <con:authProfile>Inherit From Parent</con:authProfile>
    </con:entry>
    <con:entry environmentId="f23c3f8e-5ce0-4db9-8010-f24226d62368">
      <con:authProfile>Inherit From Parent</con:authProfile>
    </con:entry>
    <con:entry environmentId="c2321ade-990a-483c-8ab3-0dacddfe3840">
      <con:authProfile>Inherit From Parent</con:authProfile>
    </con:entry>
  </con:environmentSpec>
</con:testCase>
